#
# There is insufficient memory for the Java Runtime Environment to continue.
# Native memory allocation (malloc) failed to allocate 1180656 bytes for Chunk::new
# Possible reasons:
#   The system is out of physical RAM or swap space
#   The process is running with CompressedOops enabled, and the Java Heap may be blocking the growth of the native heap
# Possible solutions:
#   Reduce memory load on the system
#   Increase physical memory or swap space
#   Check if swap backing store is full
#   Decrease Java heap size (-Xmx/-Xms)
#   Decrease number of Java threads
#   Decrease Java thread stack sizes (-Xss)
#   Set larger code cache with -XX:ReservedCodeCacheSize=
#   JVM is running with Zero Based Compressed Oops mode in which the Java heap is
#     placed in the first 32GB address space. The Java Heap base address is the
#     maximum limit for the native heap growth. Please use -XX:HeapBaseMinAddress
#     to set the Java Heap base and to place the Java Heap above 32GB virtual address.
# This output file may be truncated or incomplete.
#
#  Out of Memory Error (allocation.cpp:389), pid=16896, tid=0x0000000000000344
#
# JRE version: Java(TM) SE Runtime Environment (8.0_212-b10) (build 1.8.0_212-b10)
# Java VM: Java HotSpot(TM) 64-Bit Server VM (25.212-b10 mixed mode windows-amd64 compressed oops)
# Failed to write core dump. Minidumps are not enabled by default on client versions of Windows
#

---------------  T H R E A D  ---------------

Current thread (0x000000001c83f800):  JavaThread "C2 CompilerThread0" daemon [_thread_in_native, id=836, stack(0x000000001dea0000,0x000000001dfa0000)]

Stack: [0x000000001dea0000,0x000000001dfa0000]
[error occurred during error reporting (printing stack bounds), id 0xc0000005]

Native frames: (J=compiled Java code, j=interpreted, Vv=VM code, C=native code)


Current CompileTask:
C2: 126993 20410   !   4       java.nio.file.Files::walkFileTree (355 bytes)


---------------  P R O C E S S  ---------------

Java Threads: ( => current thread )
  0x0000000023bc2000 JavaThread "Cache worker for Java compile cache (D:\Users\Mateus\git\hunterWMS\.gradle\6.5\javaCompile)" [_thread_blocked, id=18612, stack(0x00000000221c0000,0x00000000222c0000)]
  0x0000000023bba000 JavaThread "Cache worker for Java compile cache (D:\.gradle\caches\6.5\javaCompile)" [_thread_blocked, id=18320, stack(0x0000000001410000,0x0000000001510000)]
  0x0000000023bc1800 JavaThread "WorkerExecutor Queue Thread 4" [_thread_blocked, id=11324, stack(0x0000000033b70000,0x0000000033c70000)]
  0x0000000023bba800 JavaThread "WorkerExecutor Queue Thread 3" [_thread_blocked, id=4944, stack(0x00000000324f0000,0x00000000325f0000)]
  0x0000000023bbf000 JavaThread "WorkerExecutor Queue Thread 2" [_thread_blocked, id=11572, stack(0x00000000323f0000,0x00000000324f0000)]
  0x0000000023bbe800 JavaThread "stdout" [_thread_in_native, id=6928, stack(0x0000000033870000,0x0000000033970000)]
  0x0000000023bc0800 JavaThread "stderr" [_thread_in_native, id=2268, stack(0x00000000326e0000,0x00000000327e0000)]
  0x0000000023bbd000 JavaThread "pool-2-thread-1" [_thread_blocked, id=19768, stack(0x0000000002f70000,0x0000000003070000)]
  0x0000000023bb9000 JavaThread "Cache worker for execution history cache (D:\Users\Mateus\git\hunterWMS\.gradle\6.5\executionHistory)" [_thread_blocked, id=11860, stack(0x0000000031cf0000,0x0000000031df0000)]
  0x0000000023bb8800 JavaThread "Execution worker for ':' Thread 3" [_thread_blocked, id=16448, stack(0x0000000031bf0000,0x0000000031cf0000)]
  0x000000001f3be000 JavaThread "Execution worker for ':' Thread 2" [_thread_blocked, id=18632, stack(0x0000000031af0000,0x0000000031bf0000)]
  0x00000000204da800 JavaThread "Execution worker for ':'" [_thread_in_native, id=7156, stack(0x00000000319f0000,0x0000000031af0000)]
  0x00000000204d9800 JavaThread "Cache worker for file content cache (D:\Users\Mateus\git\hunterWMS\.gradle\6.5\fileContent)" [_thread_blocked, id=15212, stack(0x00000000316f0000,0x00000000317f0000)]
  0x00000000204d8000 JavaThread "Memory manager" [_thread_blocked, id=7700, stack(0x0000000030ff0000,0x00000000310f0000)]
  0x00000000204d0800 JavaThread "pool-1-thread-1" [_thread_blocked, id=20788, stack(0x000000002eaf0000,0x000000002ebf0000)]
  0x00000000204d7800 JavaThread "Cache worker for Build Output Cleanup Cache (D:\Users\Mateus\git\hunterWMS\.gradle\buildOutputCleanup)" [_thread_blocked, id=16944, stack(0x000000002e9f0000,0x000000002eaf0000)]
  0x000000001f3c1000 JavaThread "Build operations Thread 4" [_thread_blocked, id=10808, stack(0x00000000275f0000,0x00000000276f0000)]
  0x000000001f3c2000 JavaThread "Build operations Thread 3" [_thread_blocked, id=20496, stack(0x00000000274f0000,0x00000000275f0000)]
  0x000000001f3c0800 JavaThread "Build operations Thread 2" [_thread_blocked, id=19936, stack(0x00000000273f0000,0x00000000274f0000)]
  0x000000001f3bf800 JavaThread "Build operations" [_thread_blocked, id=12780, stack(0x00000000272f0000,0x00000000273f0000)]
  0x000000001f3b9000 JavaThread "Cache worker for file content cache (D:\.gradle\caches\6.5\fileContent)" [_thread_blocked, id=9492, stack(0x0000000026bf0000,0x0000000026cf0000)]
  0x000000001f3b6800 JavaThread "Cache worker for execution history cache (D:\.gradle\caches\6.5\executionHistory)" [_thread_blocked, id=18884, stack(0x00000000263a0000,0x00000000264a0000)]
  0x000000001f3bd800 JavaThread "Cache worker for cache directory md-rule (D:\.gradle\caches\6.5\md-rule)" [_thread_blocked, id=20852, stack(0x00000000262a0000,0x00000000263a0000)]
  0x000000001f3b6000 JavaThread "Cache worker for cache directory md-supplier (D:\.gradle\caches\6.5\md-supplier)" [_thread_blocked, id=5436, stack(0x00000000261a0000,0x00000000262a0000)]
  0x000000001f3bc800 JavaThread "Cache worker for checksums cache (D:\Users\Mateus\git\hunterWMS\.gradle\checksums)" [_thread_blocked, id=5960, stack(0x0000000024e60000,0x0000000024f60000)]
  0x000000001f3bc000 JavaThread "Cache worker for file hash cache (D:\Users\Mateus\git\hunterWMS\.gradle\6.5\fileHashes)" [_thread_blocked, id=14012, stack(0x0000000024b60000,0x0000000024c60000)]
  0x000000001f3bb000 JavaThread "Cache worker for file hash cache (D:\.gradle\caches\6.5\fileHashes)" [_thread_blocked, id=5132, stack(0x00000000228c0000,0x00000000229c0000)]
  0x000000001f3b9800 JavaThread "File lock request listener" [_thread_in_native, id=3200, stack(0x00000000227c0000,0x00000000228c0000)]
  0x000000001f3b5000 JavaThread "Cache worker for journal cache (D:\.gradle\caches\journal-1)" [_thread_blocked, id=16592, stack(0x00000000225c0000,0x00000000226c0000)]
  0x000000001f3ba800 JavaThread "Thread-9" [_thread_blocked, id=16184, stack(0x00000000222c0000,0x00000000223c0000)]
  0x000000001f47a000 JavaThread "Asynchronous log dispatcher for DefaultDaemonConnection: socket connection from /127.0.0.1:14240 to /127.0.0.1:14241" [_thread_blocked, id=2624, stack(0x00000000220c0000,0x00000000221c0000)]
  0x000000001f479000 JavaThread "Daemon worker" [_thread_blocked, id=18116, stack(0x0000000021fc0000,0x00000000220c0000)]
  0x000000001f47a800 JavaThread "Cancel handler" [_thread_blocked, id=12820, stack(0x0000000021ec0000,0x0000000021fc0000)]
  0x000000001f478800 JavaThread "Handler for socket connection from /127.0.0.1:14240 to /127.0.0.1:14241" [_thread_in_native, id=13252, stack(0x0000000021dc0000,0x0000000021ec0000)]
  0x000000001f477800 JavaThread "Daemon" [_thread_blocked, id=12308, stack(0x0000000021ac0000,0x0000000021bc0000)]
  0x000000001f7fc800 JavaThread "Daemon periodic checks" [_thread_blocked, id=2976, stack(0x00000000219c0000,0x0000000021ac0000)]
  0x00000000201c7000 JavaThread "Incoming local TCP Connector on port 14240" [_thread_in_native, id=724, stack(0x0000000021780000,0x0000000021880000)]
  0x000000002012b000 JavaThread "Daemon health stats" [_thread_blocked, id=10748, stack(0x0000000020f40000,0x0000000021040000)]
  0x000000001e0c9000 JavaThread "Service Thread" daemon [_thread_blocked, id=18384, stack(0x000000001e5a0000,0x000000001e6a0000)]
  0x000000001c89c000 JavaThread "C1 CompilerThread2" daemon [_thread_blocked, id=14256, stack(0x000000001e4a0000,0x000000001e5a0000)]
  0x000000001c87c800 JavaThread "C2 CompilerThread1" daemon [_thread_blocked, id=19972, stack(0x000000001dfa0000,0x000000001e0a0000)]
=>0x000000001c83f800 JavaThread "C2 CompilerThread0" daemon [_thread_in_native, id=836, stack(0x000000001dea0000,0x000000001dfa0000)]
  0x000000001c83b800 JavaThread "Attach Listener" daemon [_thread_blocked, id=1380, stack(0x000000001dda0000,0x000000001dea0000)]
  0x000000001c83a000 JavaThread "Signal Dispatcher" daemon [_thread_blocked, id=15272, stack(0x000000001dca0000,0x000000001dda0000)]
  0x000000000316a800 JavaThread "Finalizer" daemon [_thread_blocked, id=13868, stack(0x000000001daa0000,0x000000001dba0000)]
  0x0000000003162000 JavaThread "Reference Handler" daemon [_thread_blocked, id=16572, stack(0x000000001d9a0000,0x000000001daa0000)]
  0x0000000003072800 JavaThread "main" [_thread_blocked, id=6584, stack(0x0000000002e70000,0x0000000002f70000)]

Other Threads:
  0x000000001c807800 VMThread [stack: 0x000000001d8a0000,0x000000001d9a0000] [id=17596]
  0x000000001e0cc000 WatcherThread [stack: 0x000000001e6a0000,0x000000001e7a0000] [id=1684]

VM state:not at safepoint (normal execution)

VM Mutex/Monitor currently owned by a thread: None

heap address: 0x00000006c0000000, size: 4096 MB, Compressed Oops mode: Zero based, Oop shift amount: 3
Narrow klass base: 0x0000000000000000, Narrow klass shift: 3
Compressed class space size: 1073741824 Address: 0x00000007c0000000

Heap:
 PSYoungGen      total 423424K, used 4903K [0x000000076ab00000, 0x000000078a300000, 0x00000007c0000000)
  eden space 330752K, 1% used [0x000000076ab00000,0x000000076afc9e10,0x000000077ee00000)
  from space 92672K, 0% used [0x000000077ee00000,0x000000077ee00000,0x0000000784880000)
  to   space 82432K, 0% used [0x0000000785280000,0x0000000785280000,0x000000078a300000)
 ParOldGen       total 478720K, used 141189K [0x00000006c0000000, 0x00000006dd380000, 0x000000076ab00000)
  object space 478720K, 29% used [0x00000006c0000000,0x00000006c89e16f0,0x00000006dd380000)
 Metaspace       used 113627K, capacity 118474K, committed 118656K, reserved 1153024K
  class space    used 14694K, capacity 15720K, committed 15744K, reserved 1048576K

Card table byte_map: [0x0000000012530000,0x0000000012d40000] byte_map_base: 0x000000000ef30000

Marking Bits: (ParMarkBitMap*) 0x000000005f835ce0
 Begin Bits: [0x00000000136a0000, 0x00000000176a0000)
 End Bits:   [0x00000000176a0000, 0x000000001b6a0000)

Polling page: 0x0000000000ff0000

CodeCache: size=245760Kb used=57373Kb max_used=57373Kb free=188386Kb
 bounds [0x0000000003170000, 0x00000000069c0000, 0x0000000012170000]
 total_blobs=17000 nmethods=16079 adapters=832
 compilation: enabled

Compilation events (10 events):
Event: 125.533 Thread 0x000000001c89c000 20461       3       org.jetbrains.kotlin.name.FqNameUnsafe::isRoot (8 bytes)
Event: 125.534 Thread 0x000000001c89c000 nmethod 20461 0x00000000069b8850 code [0x00000000069b89c0, 0x00000000069b8c70]
Event: 125.537 Thread 0x000000001c89c000 20462       3       org.jetbrains.kotlin.name.FqName::asString (16 bytes)
Event: 125.537 Thread 0x000000001c89c000 nmethod 20462 0x00000000069b8d50 code [0x00000000069b8ee0, 0x00000000069b9218]
Event: 125.537 Thread 0x000000001c89c000 20464       3       org.jetbrains.kotlin.name.FqName::toUnsafe (13 bytes)
Event: 125.538 Thread 0x000000001c89c000 nmethod 20464 0x00000000069b9310 code [0x00000000069b9480, 0x00000000069b9668]
Event: 125.538 Thread 0x000000001c89c000 20463       3       org.jetbrains.kotlin.name.FqNameUnsafe::asString (13 bytes)
Event: 125.538 Thread 0x000000001c89c000 nmethod 20463 0x00000000069b9710 code [0x00000000069b9880, 0x00000000069b9a68]
Event: 126.948 Thread 0x000000001c89c000 20465       3       org.jetbrains.kotlin.protobuf.CodedInputStream::readRawVarint32 (233 bytes)
Event: 126.949 Thread 0x000000001c89c000 nmethod 20465 0x00000000069b9b10 code [0x00000000069b9cc0, 0x00000000069ba408]

GC Heap History (10 events):
Event: 94.500 GC heap before
{Heap before GC invocations=18 (full 3):
 PSYoungGen      total 331776K, used 322098K [0x000000076ab00000, 0x0000000785f00000, 0x00000007c0000000)
  eden space 278016K, 96% used [0x000000076ab00000,0x000000077b10f300,0x000000077ba80000)
  from space 53760K, 99% used [0x0000000780280000,0x00000007836fd880,0x0000000783700000)
  to   space 73728K, 0% used [0x000000077ba80000,0x000000077ba80000,0x0000000780280000)
 ParOldGen       total 219648K, used 94346K [0x00000006c0000000, 0x00000006cd680000, 0x000000076ab00000)
  object space 219648K, 42% used [0x00000006c0000000,0x00000006c5c22bf8,0x00000006cd680000)
 Metaspace       used 94469K, capacity 98346K, committed 98560K, reserved 1134592K
  class space    used 12463K, capacity 13261K, committed 13312K, reserved 1048576K
Event: 94.822 GC heap after
Heap after GC invocations=18 (full 3):
 PSYoungGen      total 351744K, used 73711K [0x000000076ab00000, 0x000000078b000000, 0x00000007c0000000)
  eden space 278016K, 0% used [0x000000076ab00000,0x000000076ab00000,0x000000077ba80000)
  from space 73728K, 99% used [0x000000077ba80000,0x000000078027bc90,0x0000000780280000)
  to   space 95744K, 0% used [0x0000000785280000,0x0000000785280000,0x000000078b000000)
 ParOldGen       total 219648K, used 120781K [0x00000006c0000000, 0x00000006cd680000, 0x000000076ab00000)
  object space 219648K, 54% used [0x00000006c0000000,0x00000006c75f3478,0x00000006cd680000)
 Metaspace       used 94469K, capacity 98346K, committed 98560K, reserved 1134592K
  class space    used 12463K, capacity 13261K, committed 13312K, reserved 1048576K
}
Event: 94.822 GC heap before
{Heap before GC invocations=19 (full 4):
 PSYoungGen      total 351744K, used 73711K [0x000000076ab00000, 0x000000078b000000, 0x00000007c0000000)
  eden space 278016K, 0% used [0x000000076ab00000,0x000000076ab00000,0x000000077ba80000)
  from space 73728K, 99% used [0x000000077ba80000,0x000000078027bc90,0x0000000780280000)
  to   space 95744K, 0% used [0x0000000785280000,0x0000000785280000,0x000000078b000000)
 ParOldGen       total 219648K, used 120781K [0x00000006c0000000, 0x00000006cd680000, 0x000000076ab00000)
  object space 219648K, 54% used [0x00000006c0000000,0x00000006c75f3478,0x00000006cd680000)
 Metaspace       used 94469K, capacity 98346K, committed 98560K, reserved 1134592K
  class space    used 12463K, capacity 13261K, committed 13312K, reserved 1048576K
Event: 96.937 GC heap after
Heap after GC invocations=19 (full 4):
 PSYoungGen      total 351744K, used 0K [0x000000076ab00000, 0x000000078b000000, 0x00000007c0000000)
  eden space 278016K, 0% used [0x000000076ab00000,0x000000076ab00000,0x000000077ba80000)
  from space 73728K, 0% used [0x000000077ba80000,0x000000077ba80000,0x0000000780280000)
  to   space 95744K, 0% used [0x0000000785280000,0x0000000785280000,0x000000078b000000)
 ParOldGen       total 449536K, used 178614K [0x00000006c0000000, 0x00000006db700000, 0x000000076ab00000)
  object space 449536K, 39% used [0x00000006c0000000,0x00000006cae6da38,0x00000006db700000)
 Metaspace       used 94386K, capacity 98102K, committed 98560K, reserved 1134592K
  class space    used 12435K, capacity 13213K, committed 13312K, reserved 1048576K
}
Event: 115.834 GC heap before
{Heap before GC invocations=20 (full 4):
 PSYoungGen      total 351744K, used 278016K [0x000000076ab00000, 0x000000078b000000, 0x00000007c0000000)
  eden space 278016K, 100% used [0x000000076ab00000,0x000000077ba80000,0x000000077ba80000)
  from space 73728K, 0% used [0x000000077ba80000,0x000000077ba80000,0x0000000780280000)
  to   space 95744K, 0% used [0x0000000785280000,0x0000000785280000,0x000000078b000000)
 ParOldGen       total 449536K, used 178614K [0x00000006c0000000, 0x00000006db700000, 0x000000076ab00000)
  object space 449536K, 39% used [0x00000006c0000000,0x00000006cae6da38,0x00000006db700000)
 Metaspace       used 102619K, capacity 106944K, committed 107136K, reserved 1142784K
  class space    used 13449K, capacity 14342K, committed 14464K, reserved 1048576K
Event: 115.913 GC heap after
Heap after GC invocations=20 (full 4):
 PSYoungGen      total 413184K, used 20008K [0x000000076ab00000, 0x000000078a300000, 0x00000007c0000000)
  eden space 330752K, 0% used [0x000000076ab00000,0x000000076ab00000,0x000000077ee00000)
  from space 82432K, 24% used [0x0000000785280000,0x000000078660a010,0x000000078a300000)
  to   space 92672K, 0% used [0x000000077ee00000,0x000000077ee00000,0x0000000784880000)
 ParOldGen       total 449536K, used 178622K [0x00000006c0000000, 0x00000006db700000, 0x000000076ab00000)
  object space 449536K, 39% used [0x00000006c0000000,0x00000006cae6fa38,0x00000006db700000)
 Metaspace       used 102619K, capacity 106944K, committed 107136K, reserved 1142784K
  class space    used 13449K, capacity 14342K, committed 14464K, reserved 1048576K
}
Event: 125.685 GC heap before
{Heap before GC invocations=21 (full 4):
 PSYoungGen      total 413184K, used 273038K [0x000000076ab00000, 0x000000078a300000, 0x00000007c0000000)
  eden space 330752K, 76% used [0x000000076ab00000,0x000000077a219800,0x000000077ee00000)
  from space 82432K, 24% used [0x0000000785280000,0x000000078660a010,0x000000078a300000)
  to   space 92672K, 0% used [0x000000077ee00000,0x000000077ee00000,0x0000000784880000)
 ParOldGen       total 449536K, used 178622K [0x00000006c0000000, 0x00000006db700000, 0x000000076ab00000)
  object space 449536K, 39% used [0x00000006c0000000,0x00000006cae6fa38,0x00000006db700000)
 Metaspace       used 112951K, capacity 117738K, committed 117888K, reserved 1155072K
  class space    used 14613K, capacity 15624K, committed 15744K, reserved 1048576K
Event: 125.806 GC heap after
Heap after GC invocations=21 (full 4):
 PSYoungGen      total 423424K, used 44014K [0x000000076ab00000, 0x000000078a300000, 0x00000007c0000000)
  eden space 330752K, 0% used [0x000000076ab00000,0x000000076ab00000,0x000000077ee00000)
  from space 92672K, 47% used [0x000000077ee00000,0x00000007818fb868,0x0000000784880000)
  to   space 82432K, 0% used [0x0000000785280000,0x0000000785280000,0x000000078a300000)
 ParOldGen       total 449536K, used 178630K [0x00000006c0000000, 0x00000006db700000, 0x000000076ab00000)
  object space 449536K, 39% used [0x00000006c0000000,0x00000006cae71a38,0x00000006db700000)
 Metaspace       used 112951K, capacity 117738K, committed 117888K, reserved 1155072K
  class space    used 14613K, capacity 15624K, committed 15744K, reserved 1048576K
}
Event: 125.806 GC heap before
{Heap before GC invocations=22 (full 5):
 PSYoungGen      total 423424K, used 44014K [0x000000076ab00000, 0x000000078a300000, 0x00000007c0000000)
  eden space 330752K, 0% used [0x000000076ab00000,0x000000076ab00000,0x000000077ee00000)
  from space 92672K, 47% used [0x000000077ee00000,0x00000007818fb868,0x0000000784880000)
  to   space 82432K, 0% used [0x0000000785280000,0x0000000785280000,0x000000078a300000)
 ParOldGen       total 449536K, used 178630K [0x00000006c0000000, 0x00000006db700000, 0x000000076ab00000)
  object space 449536K, 39% used [0x00000006c0000000,0x00000006cae71a38,0x00000006db700000)
 Metaspace       used 112951K, capacity 117738K, committed 117888K, reserved 1155072K
  class space    used 14613K, capacity 15624K, committed 15744K, reserved 1048576K
Event: 126.804 GC heap after
Heap after GC invocations=22 (full 5):
 PSYoungGen      total 423424K, used 0K [0x000000076ab00000, 0x000000078a300000, 0x00000007c0000000)
  eden space 330752K, 0% used [0x000000076ab00000,0x000000076ab00000,0x000000077ee00000)
  from space 92672K, 0% used [0x000000077ee00000,0x000000077ee00000,0x0000000784880000)
  to   space 82432K, 0% used [0x0000000785280000,0x0000000785280000,0x000000078a300000)
 ParOldGen       total 478720K, used 141189K [0x00000006c0000000, 0x00000006dd380000, 0x000000076ab00000)
  object space 478720K, 29% used [0x00000006c0000000,0x00000006c89e16f0,0x00000006dd380000)
 Metaspace       used 112951K, capacity 117738K, committed 117888K, reserved 1153024K
  class space    used 14613K, capacity 15624K, committed 15744K, reserved 1048576K
}

Deoptimization events (10 events):
Event: 122.953 Thread 0x00000000204da800 Uncommon trap: reason=unstable_if action=reinterpret pc=0x00000000038c5e34 method=java.lang.ref.SoftReference.get()Ljava/lang/Object; @ 6
Event: 123.055 Thread 0x00000000204da800 Uncommon trap: reason=unstable_if action=reinterpret pc=0x0000000004d55dbc method=com.intellij.util.text.CharArrayUtil.regionMatches(Ljava/lang/CharSequence;IILjava/lang/CharSequence;)Z @ 37
Event: 123.429 Thread 0x00000000204da800 Uncommon trap: reason=unstable_if action=reinterpret pc=0x0000000004ad16f4 method=com.intellij.openapi.vfs.impl.ZipEntryMap.isTheOne(Lcom/intellij/openapi/vfs/impl/ArchiveHandler$EntryInfo;Ljava/lang/CharSequence;)Z @ 110
Event: 123.429 Thread 0x00000000204da800 Uncommon trap: reason=unstable_if action=reinterpret pc=0x0000000004ad3068 method=com.intellij.openapi.vfs.impl.ZipEntryMap.isTheOne(Lcom/intellij/openapi/vfs/impl/ArchiveHandler$EntryInfo;Ljava/lang/CharSequence;)Z @ 110
Event: 123.434 Thread 0x00000000204da800 Uncommon trap: reason=unstable_if action=reinterpret pc=0x0000000004baab8c method=com.intellij.openapi.vfs.impl.ZipEntryMap.isTheOne(Lcom/intellij/openapi/vfs/impl/ArchiveHandler$EntryInfo;Ljava/lang/CharSequence;)Z @ 110
Event: 125.356 Thread 0x00000000204da800 Uncommon trap: reason=class_check action=maybe_recompile pc=0x000000000522cb28 method=gnu.trove.TObjectHash.equals(Ljava/lang/Object;Ljava/lang/Object;)Z @ 6
Event: 125.356 Thread 0x00000000204da800 Uncommon trap: reason=class_check action=maybe_recompile pc=0x0000000004ad4208 method=gnu.trove.TObjectHash.equals(Ljava/lang/Object;Ljava/lang/Object;)Z @ 6
Event: 125.356 Thread 0x00000000204da800 Uncommon trap: reason=unstable_if action=reinterpret pc=0x00000000062ad188 method=com.intellij.util.SmartList.get(I)Ljava/lang/Object; @ 13
Event: 125.377 Thread 0x00000000204da800 Uncommon trap: reason=unstable_if action=reinterpret pc=0x0000000004953d14 method=java.util.ArrayList.indexOf(Ljava/lang/Object;)I @ 1
Event: 125.377 Thread 0x00000000204da800 Uncommon trap: reason=unstable_if action=reinterpret pc=0x00000000049583bc method=java.util.ArrayList.indexOf(Ljava/lang/Object;)I @ 1

Classes redefined (0 events):
No events

Internal exceptions (10 events):
Event: 119.617 Thread 0x00000000204da800 Exception <a 'sun/nio/fs/WindowsException'> (0x00000007717b49d0) thrown at [C:\re\workspace\8-2-build-windows-amd64-cygwin\jdk8u212\12974\hotspot\src\share\vm\prims\jni.cpp, line 710]
Event: 119.617 Thread 0x00000000204da800 Exception <a 'sun/nio/fs/WindowsException'> (0x00000007717b6b28) thrown at [C:\re\workspace\8-2-build-windows-amd64-cygwin\jdk8u212\12974\hotspot\src\share\vm\prims\jni.cpp, line 710]
Event: 119.617 Thread 0x00000000204da800 Exception <a 'sun/nio/fs/WindowsException'> (0x00000007717b78a0) thrown at [C:\re\workspace\8-2-build-windows-amd64-cygwin\jdk8u212\12974\hotspot\src\share\vm\prims\jni.cpp, line 710]
Event: 119.672 Thread 0x00000000204da800 Exception <a 'java/lang/ClassNotFoundException': com/sun/org/glassfish/hk2/osgiresourcelocator/ServiceLoader> (0x0000000771806bb0) thrown at [C:\re\workspace\8-2-build-windows-amd64-cygwin\jdk8u212\12974\hotspot\src\share\vm\classfile\systemDictionary.cpp
Event: 120.451 Thread 0x00000000204da800 Exception <a 'java/lang/NoSuchMethodError': java.lang.Object.lambda$maxBy$1(Ljava/util/Comparator;Ljava/lang/Object;Ljava/lang/Object;)Ljava/lang/Object;> (0x00000007733cfb38) thrown at [C:\re\workspace\8-2-build-windows-amd64-cygwin\jdk8u212\12974\hotspo
Event: 121.750 Thread 0x00000000204da800 Exception <a 'java/lang/NoSuchMethodError': java.lang.Object.lambda$static$0()J> (0x000000077415e7b0) thrown at [C:\re\workspace\8-2-build-windows-amd64-cygwin\jdk8u212\12974\hotspot\src\share\vm\interpreter\linkResolver.cpp, line 620]
Event: 122.082 Thread 0x00000000204da800 Implicit null exception at 0x0000000004cfcb8f to 0x0000000004cfcc99
Event: 122.600 Thread 0x00000000204da800 Exception <a 'java/lang/NoSuchMethodError': java.lang.Object.lambda$static$0(I)[Lcom/intellij/openapi/editor/event/DocumentListener;> (0x0000000774da4ea0) thrown at [C:\re\workspace\8-2-build-windows-amd64-cygwin\jdk8u212\12974\hotspot\src\share\vm\interp
Event: 122.720 Thread 0x00000000204da800 Exception <a 'java/lang/NoSuchMethodError': java.lang.Object.lambda$static$0(I)[Lcom/intellij/psi/PsiAnnotation;> (0x0000000774f5df30) thrown at [C:\re\workspace\8-2-build-windows-amd64-cygwin\jdk8u212\12974\hotspot\src\share\vm\interpreter\linkResolver.c
Event: 122.916 Thread 0x00000000204da800 Exception <a 'java/lang/NoSuchMethodError': java.lang.Object.lambda$static$0(I)[Lcom/intellij/psi/PsiElement;> (0x00000007752d9ff0) thrown at [C:\re\workspace\8-2-build-windows-amd64-cygwin\jdk8u212\12974\hotspot\src\share\vm\interpreter\linkResolver.cpp,

Events (10 events):
Event: 126.944 loading class org/jetbrains/kotlin/protobuf/CodedOutputStream$OutOfSpaceException
Event: 126.944 loading class org/jetbrains/kotlin/protobuf/CodedOutputStream$OutOfSpaceException done
Event: 126.946 loading class org/jetbrains/kotlin/protobuf/CodedOutputStream$ByteBufferOutputStream
Event: 126.946 loading class org/jetbrains/kotlin/protobuf/CodedOutputStream$ByteBufferOutputStream done
Event: 126.947 loading class org/jetbrains/kotlin/protobuf/WireFormat
Event: 126.947 loading class org/jetbrains/kotlin/protobuf/WireFormat done
Event: 126.948 loading class org/jetbrains/kotlin/metadata/ProtoBuf$QualifiedNameTable$QualifiedName
Event: 126.948 loading class org/jetbrains/kotlin/metadata/ProtoBuf$QualifiedNameTable$QualifiedName done
Event: 126.949 loading class org/jetbrains/kotlin/metadata/ProtoBuf$QualifiedNameTable$QualifiedNameOrBuilder
Event: 126.949 loading class org/jetbrains/kotlin/metadata/ProtoBuf$QualifiedNameTable$QualifiedNameOrBuilder done


Dynamic libraries:
0x00007ff75fdb0000 - 0x00007ff75fde7000 	C:\Program Files\Java\jdk1.8.0_212\bin\java.exe
0x00007ffb1bf40000 - 0x00007ffb1c130000 	C:\WINDOWS\SYSTEM32\ntdll.dll
0x00007ffb1a890000 - 0x00007ffb1a942000 	C:\WINDOWS\System32\KERNEL32.DLL
0x00007ffb193c0000 - 0x00007ffb19665000 	C:\WINDOWS\System32\KERNELBASE.dll
0x00007ffb1a9d0000 - 0x00007ffb1aa73000 	C:\WINDOWS\System32\ADVAPI32.dll
0x00007ffb1ba70000 - 0x00007ffb1bb0e000 	C:\WINDOWS\System32\msvcrt.dll
0x00007ffb1aca0000 - 0x00007ffb1ad37000 	C:\WINDOWS\System32\sechost.dll
0x00007ffb1a300000 - 0x00007ffb1a41f000 	C:\WINDOWS\System32\RPCRT4.dll
0x00007ffb1ad40000 - 0x00007ffb1aed4000 	C:\WINDOWS\System32\USER32.dll
0x00007ffb19df0000 - 0x00007ffb19e11000 	C:\WINDOWS\System32\win32u.dll
0x00007ffb1ab00000 - 0x00007ffb1ab26000 	C:\WINDOWS\System32\GDI32.dll
0x00007ffb18f20000 - 0x00007ffb190b8000 	C:\WINDOWS\System32\gdi32full.dll
0x00007ffb19f50000 - 0x00007ffb19fee000 	C:\WINDOWS\System32\msvcp_win.dll
0x00007ffb192c0000 - 0x00007ffb193ba000 	C:\WINDOWS\System32\ucrtbase.dll
0x00007ffb064c0000 - 0x00007ffb06744000 	C:\WINDOWS\WinSxS\amd64_microsoft.windows.common-controls_6595b64144ccf1df_6.0.18362.1316_none_9e7a364fe461dbd7\COMCTL32.dll
0x00007ffb1b040000 - 0x00007ffb1b377000 	C:\WINDOWS\System32\combase.dll
0x00007ffb19230000 - 0x00007ffb192b1000 	C:\WINDOWS\System32\bcryptPrimitives.dll
0x00007ffb1ac10000 - 0x00007ffb1ac3e000 	C:\WINDOWS\System32\IMM32.DLL
0x0000000060880000 - 0x0000000060952000 	C:\Program Files\Java\jdk1.8.0_212\jre\bin\msvcr100.dll
0x000000005f010000 - 0x000000005f8b5000 	C:\Program Files\Java\jdk1.8.0_212\jre\bin\server\jvm.dll
0x00007ffb1aee0000 - 0x00007ffb1aee8000 	C:\WINDOWS\System32\PSAPI.DLL
0x00007ffb178d0000 - 0x00007ffb178d9000 	C:\WINDOWS\SYSTEM32\WSOCK32.dll
0x00007ffb1af70000 - 0x00007ffb1afdf000 	C:\WINDOWS\System32\WS2_32.dll
0x00007ffb0ff70000 - 0x00007ffb0ff94000 	C:\WINDOWS\SYSTEM32\WINMM.dll
0x00007ffb0c1d0000 - 0x00007ffb0c1da000 	C:\WINDOWS\SYSTEM32\VERSION.dll
0x00007ffb0ff40000 - 0x00007ffb0ff6d000 	C:\WINDOWS\SYSTEM32\WINMMBASE.dll
0x00007ffb19e20000 - 0x00007ffb19e6a000 	C:\WINDOWS\System32\cfgmgr32.dll
0x00007ffb14bc0000 - 0x00007ffb14bcf000 	C:\Program Files\Java\jdk1.8.0_212\jre\bin\verify.dll
0x00007ffb14b90000 - 0x00007ffb14bb9000 	C:\Program Files\Java\jdk1.8.0_212\jre\bin\java.dll
0x00007ffb13760000 - 0x00007ffb13776000 	C:\Program Files\Java\jdk1.8.0_212\jre\bin\zip.dll
0x00007ffb1b380000 - 0x00007ffb1ba68000 	C:\WINDOWS\System32\SHELL32.dll
0x00007ffb1be50000 - 0x00007ffb1bef7000 	C:\WINDOWS\System32\shcore.dll
0x00007ffb19670000 - 0x00007ffb19deb000 	C:\WINDOWS\System32\windows.storage.dll
0x00007ffb18e90000 - 0x00007ffb18eb3000 	C:\WINDOWS\System32\profapi.dll
0x00007ffb18e40000 - 0x00007ffb18e8a000 	C:\WINDOWS\System32\powrprof.dll
0x00007ffb18df0000 - 0x00007ffb18e00000 	C:\WINDOWS\System32\UMPDC.dll
0x00007ffb1af10000 - 0x00007ffb1af62000 	C:\WINDOWS\System32\shlwapi.dll
0x00007ffb18e20000 - 0x00007ffb18e31000 	C:\WINDOWS\System32\kernel.appcore.dll
0x00007ffb190c0000 - 0x00007ffb190d7000 	C:\WINDOWS\System32\cryptsp.dll
0x00007ffb13740000 - 0x00007ffb1375a000 	C:\Program Files\Java\jdk1.8.0_212\jre\bin\net.dll
0x00007ffb0c4b0000 - 0x00007ffb0c686000 	C:\WINDOWS\SYSTEM32\urlmon.dll
0x00007ffb0c200000 - 0x00007ffb0c4a7000 	C:\WINDOWS\SYSTEM32\iertutil.dll
0x00007ffb18800000 - 0x00007ffb1880c000 	C:\WINDOWS\SYSTEM32\CRYPTBASE.DLL
0x00007ffb18630000 - 0x00007ffb18697000 	C:\WINDOWS\system32\mswsock.dll
0x00007ffb13270000 - 0x00007ffb13282000 	C:\Program Files\Java\jdk1.8.0_212\jre\bin\nio.dll
0x00007ffaf9a20000 - 0x00007ffaf9a47000 	D:\.gradle\native\f6784746aeab05261644944871eae4fe03e0ef1612fff0a4a95f87b438bc6780\windows-amd64\native-platform.dll
0x00007ffb14b60000 - 0x00007ffb14b6d000 	C:\Program Files\Java\jdk1.8.0_212\jre\bin\management.dll
0x00007ffb181b0000 - 0x00007ffb181e3000 	C:\WINDOWS\system32\rsaenh.dll
0x00007ffb19f20000 - 0x00007ffb19f46000 	C:\WINDOWS\System32\bcrypt.dll
0x00007ffb18d10000 - 0x00007ffb18d35000 	C:\WINDOWS\SYSTEM32\USERENV.dll
0x00007ffb18340000 - 0x00007ffb1837a000 	C:\WINDOWS\SYSTEM32\IPHLPAPI.DLL
0x00007ffb1bd90000 - 0x00007ffb1bd98000 	C:\WINDOWS\System32\NSI.dll
0x00007ffb101d0000 - 0x00007ffb101e6000 	C:\WINDOWS\SYSTEM32\dhcpcsvc6.DLL
0x00007ffb103b0000 - 0x00007ffb103cc000 	C:\WINDOWS\SYSTEM32\dhcpcsvc.DLL
0x00007ffb18380000 - 0x00007ffb1844b000 	C:\WINDOWS\SYSTEM32\DNSAPI.dll
0x00007ffb10490000 - 0x00007ffb1049b000 	C:\WINDOWS\SYSTEM32\WINNSI.DLL
0x0000000066e00000 - 0x0000000066f03000 	D:\AppData\Local\Temp\sqlite-3.25.2-dee42d7d-7794-4011-9c28-2903a11cb016-sqlitejdbc.dll

VM Arguments:
jvm_args: -Xmx4096m -Dfile.encoding=windows-1252 -Duser.country=US -Duser.language=en -Duser.variant 
java_command: org.gradle.launcher.daemon.bootstrap.GradleDaemon 6.5
java_class_path (initial): D:\.gradle\wrapper\dists\gradle-6.5-all\2oz4ud9k3tuxjg84bbf55q0tn\gradle-6.5\lib\gradle-launcher-6.5.jar
Launcher Type: SUN_STANDARD

Environment Variables:
JAVA_HOME=C:\Program Files\Java\jdk1.8.0_212\
PATH=D:\Python27\;D:\Python27\Scripts;C:\Program Files (x86)\Common Files\Oracle\Java\javapath;C:\ProgramData\Oracle\Java\javapath;C:\WINDOWS\system32;C:\WINDOWS;C:\WINDOWS\System32\Wbem;C:\WINDOWS\System32\WindowsPowerShell\v1.0\;C:\Program Files (x86)\GitExtensions\;C:\Program Files\Intel\WiFi\bin\;C:\Program Files\Common Files\Intel\WirelessCommon\;C:\Program Files\dotnet\;C:\WINDOWS\System32\OpenSSH\;C:\Program Files\Apache Software Foundation\Commons-Daemon;C:\Program Files\Apache Software Foundation\Maven 3.5.2\bin;C:\Program Files (x86)\Inno Setup 5;C:\Program Files (x86)\Microsoft SQL Server\80\Tools\Binn\;C:\Program Files\Microsoft VS Code\bin;C:\Program Files (x86)\MAVProxy;D:\Python27;C:\Program Files\MySQL\MySQL Utilities 1.6\;C:\Program Files\nodejs\;C:\Program Files (x86)\Sennheiser\SoftphoneSDK\;C:\Program Files\Condusiv Technologies\ExpressCache\;C:\Program Files\Git\cmd;D:\\AppData\Local\Microsoft\WindowsApps;C:\Program Files\Intel\WiFi\bin\;C:\Program Files\Common Files\Intel\WirelessCommon\;C:\Program Files\Microsoft VS Code\bin;D:\Android\sdk\platform-tools\adb.exe;C:\Program Files (x86)\Nmap;C:\Users\Mateus Tormin\AppData\Roaming\npm;
USERNAME=Mateus Tormin
OS=Windows_NT
PROCESSOR_IDENTIFIER=Intel64 Family 6 Model 69 Stepping 1, GenuineIntel



---------------  S Y S T E M  ---------------

OS: Windows 10.0 , 64 bit Build 18362 (10.0.18362.1316)

CPU:total 4 (initial active 4) (2 cores per cpu, 2 threads per core) family 6 model 69 stepping 1, cmov, cx8, fxsr, mmx, sse, sse2, sse3, ssse3, sse4.1, sse4.2, popcnt, avx, avx2, aes, clmul, erms, lzcnt, ht, tsc, tscinvbit, bmi1, bmi2

Memory: 4k page, physical 12469236k(320892k free), swap 29621616k(3324k free)

vm_info: Java HotSpot(TM) 64-Bit Server VM (25.212-b10) for windows-amd64 JRE (1.8.0_212-b10), built on Apr  1 2019 22:50:23 by "java_re" with MS VC++ 10.0 (VS2010)

time: Mon Feb 15 11:59:20 2021
timezone: E. South America Standard Time
elapsed time: 127 seconds (0d 0h 2m 7s)

